C51 COMPILER V9.60.7.0   DELAY                                                             10/20/2023 10:47:10 PAGE 1   


C51 COMPILER V9.60.7.0, COMPILATION OF MODULE DELAY
OBJECT MODULE PLACED IN .\Objects\Delay.obj
COMPILER INVOKED BY: C:\keil5\C51\BIN\C51.EXE Delay.c OPTIMIZE(8,SPEED) BROWSE DEBUG OBJECTEXTEND PRINT(.\Listings\Delay
                    -.lst) OBJECT(.\Objects\Delay.obj)

line level    source

   1          #include <REGX52.H>
   2          #include <INTRINS.H>
   3          
   4          
   5          
   6          
   7          void Delay(unsigned char xms)   //@11.0592MHz
   8          {
   9   1              unsigned char data i, j;
  10   1      
  11   1              while(xms)
  12   1              {
  13   2                      _nop_();
  14   2                      i = 2;
  15   2                      j = 199;
  16   2                      do
  17   2                      {
  18   3                              while (--j);
  19   3                      } while (--i);
  20   2              
  21   2                      xms--;
  22   2              
  23   2              
  24   2              }
  25   1              
  26   1      }


MODULE INFORMATION:   STATIC OVERLAYABLE
   CODE SIZE        =     16    ----
   CONSTANT SIZE    =   ----    ----
   XDATA SIZE       =   ----    ----
   PDATA SIZE       =   ----    ----
   DATA SIZE        =   ----    ----
   IDATA SIZE       =   ----    ----
   BIT SIZE         =   ----    ----
END OF MODULE INFORMATION.


C51 COMPILATION COMPLETE.  0 WARNING(S),  0 ERROR(S)
