C51 COMPILER V9.60.7.0   MAIN                                                              10/21/2023 09:42:52 PAGE 1   


C51 COMPILER V9.60.7.0, COMPILATION OF MODULE MAIN
OBJECT MODULE PLACED IN .\Objects\main.obj
COMPILER INVOKED BY: C:\keil5\C51\BIN\C51.EXE main.c OPTIMIZE(8,SPEED) BROWSE DEBUG OBJECTEXTEND PRINT(.\Listings\main.l
                    -st) OBJECT(.\Objects\main.obj)

line level    source

   1          #include <REGX52.H>
   2          #include "DELAY.H"
   3          #include "KEY.H"
   4          #include "MATRIXKEY.H"
   5          #include "TIMER0.H"
   6          #include "Nixie.H"
   7          
   8          typedef unsigned int u16;
   9          typedef unsigned char u8;
  10          
  11          u16 i;          //forå¾ªçŽ¯å˜é‡
  12          long int Num1=0,Num2=0,Num3=0;          //å­˜å‚¨æ•°æ®
  13          u16 Negative1=0,Negative2=0,Negative3=0,Negative4=0;            //å‚¨å­˜ç¬¬ä¸€ä½æ•°ç¬¦å·ï¼Œå‚¨å­˜ç¬¬äºŒä½æ•°ç¬¦å
             -·ï¼Œæ•°ç ç®¡æ˜¾ç¤ºç¬¦å·ï¼Œæœ€åŽè®¡ç®—ç¬¦å·
  14          u16 Point_Location=9,Point=0;           //å°æ•°ç‚¹
  15          u16 Point_Location1=9,Point_Location2=9,Point_Location3=9;              //å‚¨å­˜ç¬¬ä¸€ä½æ•°ç‚¹çš„ä½ç½®ï¼Œå‚¨å­˜ç¬¬äº
             -Œä½æ•°ç‚¹çš„ä½ç½®ï¼Œå‚¨å­˜æœ€ç»ˆç‚¹çš„ä½ç½®
  16          u16 flag=0;             //åŠŸèƒ½ç¬¦å·æ ‡è¯†
  17          u16 Calculate=0;                //è¿ç®—ç¬¦å·æ ‡è¯†
  18          u16 Num_Location=0;             //è¢«è®¡ç®—æ•°æ®ä½ç½®
  19          int b[8]={0,0,0,0,0,0,0,0};             //æ•°ç ç®¡æ˜¾ç¤ºçš„æ•°
  20          int a[2]={0,10};                //æ•°ç ç®¡æ˜¾ç¤ºçš„è´Ÿå·
  21          int c[2]={12,11};               //æ•°ç ç®¡æ˜¾ç¤ºçš„å°æ•°ç‚¹
  22          int T=0;                //ä¸­é—´å˜é‡
  23          int x,y;                //å°æ•°é™¤æ³•å˜é‡
  24          int turn=0;             //å¼€å…³æœºå˜é‡
  25          int z=0;                //å¼€å…³æœºå˜é‡
  26          static unsigned int T0Count=0;
  27          void Timer0_Routime() interrupt 1
  28          {
  29   1              
  30   1              TH0=0xFC;
  31   1              TL0=0x18;       
  32   1              T0Count++;
  33   1              if(T0Count>=6000)
  34   1              {
  35   2                      turn=0;
  36   2              }
  37   1      }
  38          
  39          void Input()
  40          {
  41   1              int KeyNum=MatrixKey();
  42   1              int KeyNumber=Key();
  43   1              
  44   1                      if(KeyNum==1||KeyNum==2||KeyNum==3||KeyNum==4||KeyNum==5||KeyNum==6||KeyNum==7||KeyNum==8||KeyNum==9||Ke
             -yNum==0)
  45   1                      {
  46   2                              T=KeyNum;
  47   2                              T0Count=0;
  48   2                              for(i=7;i>0;i--)
  49   2                              {
  50   3                                      b[i]=b[i-1];
  51   3                              }
C51 COMPILER V9.60.7.0   MAIN                                                              10/21/2023 09:42:52 PAGE 2   

  52   2                      
  53   2                              b[0]=T;
  54   2                              
  55   2                              if(Point_Location==9)
  56   2                              {
  57   3                                      Point_Location=9;
  58   3                              }
  59   2                              else
  60   2                              {
  61   3                                      Point_Location--;
  62   3                                      
  63   3                              }
  64   2                              if(Num_Location==0)
  65   2                              {
  66   3                                      Num1=(b[6]*1000000+b[5]*100000+b[4]*10000+b[3]*1000+b[2]*100+b[1]*10+b[0]);
  67   3                              }
  68   2                              else
  69   2                              {
  70   3                                      Num2=(b[6]*1000000+b[5]*100000+b[4]*10000+b[3]*1000+b[2]*100+b[1]*10+b[0]);
  71   3                              }
  72   2                              
  73   2                      }
  74   1                      else if(KeyNum==10)     //åŠ 
  75   1                      {
  76   2                              T0Count=0;
  77   2                              Negative4=1;
  78   2                              T=KeyNum;
  79   2                              Negative3=0;
  80   2                              Num_Location=1;
  81   2                              Calculate=1;
  82   2                              Point_Location1=Point_Location;
  83   2                              Point_Location=9;
  84   2                              Point=0;
  85   2                              for(i=0;i<7;i++)
  86   2                              {
  87   3                                      b[i]=0;
  88   3                              }
  89   2                              
  90   2                      }
  91   1                      else if(KeyNum==11)     //å‡
  92   1                      {
  93   2                              T0Count=0;
  94   2                              T=KeyNum;
  95   2                              if(Num1==0)
  96   2                              {
  97   3                                      Negative1=1;            //æ ‡è®°ç¬¬ä¸€ä½è´Ÿå·
  98   3                                      Negative3=1;            //æ˜¾ç¤ºç¬¬ä¸€ä½è´Ÿå·
  99   3                              }
 100   2                              else if(Num2==0)
 101   2                              {
 102   3                                      if(Negative4==1)
 103   3                                      {
 104   4                                              Negative2=1;            //æ ‡è®°ç¬¬äºŒä½è´Ÿå·
 105   4                                              Negative3=1;            //æ˜¾ç¤ºç¬¬äºŒä½è´Ÿå·
 106   4                                      }
 107   3                                      else
 108   3                                      {
 109   4                                              Num_Location=1;
 110   4                                              Calculate=2;
 111   4                                              Point_Location1=Point_Location;
 112   4                                              Point_Location=9;
 113   4                                              Point=0;
C51 COMPILER V9.60.7.0   MAIN                                                              10/21/2023 09:42:52 PAGE 3   

 114   4                                              for(i=0;i<7;i++)
 115   4                                              {
 116   5                                                      b[i]=0;
 117   5                                              }
 118   4                                              flag=100;
 119   4                                      }
 120   3                              }
 121   2                              
 122   2                      }
 123   1                      else if(KeyNum==12)     //ä¹˜
 124   1                      {
 125   2                              T0Count=0;
 126   2                              Negative4=1;
 127   2                              T=KeyNum;
 128   2                              Num_Location=1;
 129   2                              Calculate=3;
 130   2                              Point_Location1=Point_Location;
 131   2                              Point_Location=9;
 132   2                              Point=0;
 133   2                              for(i=0;i<7;i++)
 134   2                              {
 135   3                                      b[i]=0;
 136   3                              }
 137   2                              flag=100;
 138   2                      }
 139   1                      else if(KeyNum==13)     //é™¤
 140   1                      {
 141   2                              T0Count=0;
 142   2                              Negative4=1;
 143   2                              T=KeyNum;
 144   2                              Num_Location=1;
 145   2                              Calculate=4;
 146   2                              Point_Location1=Point_Location;
 147   2                              Point_Location=9;
 148   2                              Point=0;
 149   2                              for(i=0;i<7;i++)
 150   2                              {
 151   3                                      b[i]=0;
 152   3                              }
 153   2                              flag=100;
 154   2                      }
 155   1                      else if(KeyNum==16)     //ç­‰äºŽ
 156   1                      {
 157   2                              T0Count=0;
 158   2                              flag=6;
 159   2                              T=KeyNum;
 160   2                      }
 161   1                      else if(KeyNum==15)     //å°æ•°ç‚¹
 162   1                      {
 163   2                              T0Count=0;
 164   2                              flag=7;
 165   2                              Point_Location=8;
 166   2                              T=KeyNum;
 167   2                              Point=1;
 168   2                      }
 169   1                      else if(KeyNumber==1)
 170   1                      {
 171   2                              T0Count=0;
 172   2                              flag=8;
 173   2                      }
 174   1                      else if(KeyNumber==2)
 175   1                      {
C51 COMPILER V9.60.7.0   MAIN                                                              10/21/2023 09:42:52 PAGE 4   

 176   2                              z++;
 177   2                              flag=8;
 178   2                      }
 179   1      }
 180          
 181          void main()
 182          {
 183   1              Timer0Init();
 184   1              Nixie(1,13);
 185   1              while(1)
 186   1              {
 187   2                      
 188   2      
 189   2                              Input();                
 190   2                              turn=(z%2);             //åˆ¤æ–­å¼€å…³æœº
 191   2      
 192   2                      
 193   2                              while(turn)
 194   2                              {
 195   3                                      Input();
 196   3                                      turn=(z%2);
 197   3                                      
 198   3                                      Nixie(1,a[Negative3]);
 199   3                                      Nixie(2,b[6]);
 200   3                                      Nixie(3,b[5]);
 201   3                                      Nixie(4,b[4]);
 202   3                                      Nixie(5,b[3]);
 203   3                                      Nixie(6,b[2]);
 204   3                                      Nixie(7,b[1]);
 205   3                                      Nixie(8,b[0]);
 206   3                                      c[0]=12;
 207   3                                      Nixie(Point_Location,c[Point]);
 208   3                                              
 209   3                                      if(flag==6)             //ç­‰äºŽ
 210   3                                      {
 211   4                                              Negative3=0;
 212   4                                              Point_Location2=Point_Location;
 213   4                                              Point_Location=9;
 214   4                                              
 215   4                                              if(Calculate==1)                //åŠ æ³•
 216   4                                              {
 217   5                                                      if(Point_Location1<Point_Location2)
 218   5                                                      {
 219   6                                                              Point_Location=Point_Location1;
 220   6                                                              Point=1;
 221   6                                                              if(Point_Location2!=9)
 222   6                                                              {
 223   7                                                                      Point_Location3=(Point_Location2-Point_Location1);
 224   7                                                                      for(i=0;i<Point_Location3;i++)
 225   7                                                                      {
 226   8                                                                              Num2=Num2*10;
 227   8                                                                      }
 228   7                                                              }
 229   6                                                              else if(Point_Location2==9)
 230   6                                                              {
 231   7                                                                      Point_Location3=(8-Point_Location1);
 232   7                                                                      for(i=0;i<Point_Location3;i++)
 233   7                                                                      {
 234   8                                                                              Num2=Num2*10;
 235   8                                                                      }
 236   7                                                              }
 237   6                                                              
C51 COMPILER V9.60.7.0   MAIN                                                              10/21/2023 09:42:52 PAGE 5   

 238   6                                                      }
 239   5                                                      else if(Point_Location1==Point_Location2)
 240   5                                                      {
 241   6                                                              Point_Location=Point_Location2;
 242   6                                                              Point_Location3=Point_Location1;
 243   6                                                      }
 244   5                                                      else if(Point_Location1>Point_Location2)
 245   5                                                      {
 246   6                                                              if(Point_Location1!=9)
 247   6                                                              {
 248   7                                                                      Point_Location=Point_Location2;
 249   7      
 250   7                                                                      Point_Location3=(Point_Location1-Point_Location2);
 251   7                                                                      for(i=0;i<Point_Location3;i++)
 252   7                                                                      {
 253   8                                                                              Num1=Num1*10;
 254   8                                                                      }
 255   7                                                              }
 256   6                                                              else if(Point_Location1==9)
 257   6                                                              {
 258   7                                                                      Point_Location=Point_Location2;
 259   7                                                                      Point_Location3=(8-Point_Location2);
 260   7                                                                      for(i=0;i<Point_Location3;i++)
 261   7                                                                      {
 262   8                                                                              Num1=Num1*10;
 263   8                                                                      }
 264   7                                                              }
 265   6                                                              
 266   6                                                      }
 267   5                                              
 268   5                                                      if(Negative1==1&&Negative2==1)
 269   5                                                      {
 270   6                                                              Negative3=1;
 271   6                                                              Num3=Num1+Num2;
 272   6                                                      }
 273   5                                                      else if(Negative1==1&&Negative2==0)
 274   5                                                      {
 275   6                                                              if(Num1>=Num2)
 276   6                                                              {
 277   7                                                                      Num3=(Num1-Num2);
 278   7                                                                      Negative3=1;
 279   7                                                              }
 280   6                                                              else if(Num1<=Num2)
 281   6                                                              {
 282   7                                                                      Num3=(Num2-Num1);
 283   7                                                                      Negative3=0;
 284   7                                                              }
 285   6                                                      }
 286   5                                                      else if(Negative1==0&&Negative2==1)
 287   5                                                      {
 288   6                                                              if(Num1>=Num2)
 289   6                                                              {
 290   7                                                                      Num3=(Num1-Num2);
 291   7                                                                      Negative3=0;
 292   7                                                              }
 293   6                                                              else if(Num1<=Num2)
 294   6                                                              {
 295   7                                                                      Num3=(Num2-Num1);
 296   7                                                                      Negative3=1;
 297   7                                                              }
 298   6                                                      }
 299   5                                                      else if(Negative1==0&&Negative2==0)
C51 COMPILER V9.60.7.0   MAIN                                                              10/21/2023 09:42:52 PAGE 6   

 300   5                                                      {
 301   6                                                              Num3=Num1+Num2;
 302   6                                                      }
 303   5                                                      
 304   5                                                      b[6]=((Num3/1000000)%10);
 305   5                                                      b[5]=((Num3/100000)%10);
 306   5                                                      b[4]=((Num3/10000)%10);
 307   5                                                      b[3]=((Num3/1000)%10);
 308   5                                                      b[2]=((Num3/100)%10);
 309   5                                                      b[1]=((Num3/10)%10);
 310   5                                                      b[0]=(Num3%10);
 311   5                                              }
 312   4                                              
 313   4                                              if(Calculate==2)                //å‡æ³•
 314   4                                              {
 315   5                                                      if(Point_Location1<Point_Location2)
 316   5                                                      {
 317   6                                                              Point_Location=Point_Location1;
 318   6                                                              Point=1;
 319   6                                                              if(Point_Location2!=9)
 320   6                                                              {
 321   7                                                                      Point_Location3=(Point_Location2-Point_Location1);
 322   7                                                                      for(i=0;i<Point_Location3;i++)
 323   7                                                                      {
 324   8                                                                              Num2=Num2*10;
 325   8                                                                      }
 326   7                                                              }
 327   6                                                              else if(Point_Location2==9)
 328   6                                                              {
 329   7                                                                      Point_Location3=(8-Point_Location1);
 330   7                                                                      for(i=0;i<Point_Location3;i++)
 331   7                                                                      {
 332   8                                                                              Num2=Num2*10;
 333   8                                                                      }
 334   7                                                              }
 335   6                                                      }
 336   5                                                      else if(Point_Location1==Point_Location2)
 337   5                                                      {
 338   6                                                              Point_Location=Point_Location2;
 339   6                                                              Point_Location3=Point_Location1;
 340   6                                                      }
 341   5                                                      else if(Point_Location1>Point_Location2)
 342   5                                                      {
 343   6                                                              Point_Location=Point_Location2;
 344   6                                                              Point_Location3=(Point_Location1-Point_Location2);
 345   6                                                              for(i=0;i<Point_Location3;i++)
 346   6                                                              {
 347   7                                                                      Num1=Num1*10;
 348   7                                                              }
 349   6                                                      }
 350   5                                                      
 351   5                                                      if(Negative1==1&&Negative2==1)
 352   5                                                      {
 353   6                                                              if(Num1>=Num2)
 354   6                                                              {
 355   7                                                                      Num3=(Num1-Num2);
 356   7                                                                      Negative3=1;
 357   7                                                              }
 358   6                                                              else if(Num1<=Num2)
 359   6                                                              {
 360   7                                                                      Num3=(Num2-Num1);
 361   7                                                                      Negative3=0;
C51 COMPILER V9.60.7.0   MAIN                                                              10/21/2023 09:42:52 PAGE 7   

 362   7                                                              }
 363   6                                                                      
 364   6                                                      }
 365   5                                                      else if(Negative1==1&&Negative2==0)
 366   5                                                      {
 367   6                                                              Num3=Num1+Num2;
 368   6                                                              Negative3=1;
 369   6                                                              
 370   6                                                      }
 371   5                                                      else if(Negative1==0&&Negative2==1)
 372   5                                                      {
 373   6                                                              Num3=Num1+Num2;
 374   6                                                              Negative3=0;
 375   6                                                      }
 376   5                                                      else if(Negative1==0&&Negative2==0)
 377   5                                                      {
 378   6                                                              if(Num1>=Num2)
 379   6                                                              {
 380   7                                                                      Num3=(Num1-Num2);
 381   7                                                                      Negative3=0;
 382   7                                                              }
 383   6                                                              else if(Num1<=Num2)
 384   6                                                              {
 385   7                                                                      Num3=(Num2-Num1);
 386   7                                                                      Negative3=1;
 387   7                                                              }
 388   6                                                      }
 389   5                                              
 390   5                                                      b[6]=((Num3/1000000)%10);
 391   5                                                      b[5]=((Num3/100000)%10);
 392   5                                                      b[4]=((Num3/10000)%10);
 393   5                                                      b[3]=((Num3/1000)%10);
 394   5                                                      b[2]=((Num3/100)%10);
 395   5                                                      b[1]=((Num3/10)%10);
 396   5                                                      b[0]=(Num3%10);
 397   5                                              }
 398   4                                      
 399   4                                              if(Calculate==3)                //ä¹˜æ³•
 400   4                                              {
 401   5                                                      Point=1;
 402   5                                                      if(Point_Location1!=9&&Point_Location2!=9)
 403   5                                                      {
 404   6                                                              Point_Location=(Point_Location1+Point_Location2-8);
 405   6                                                      }
 406   5                                                      else if(Point_Location1==9&&Point_Location2!=9)
 407   5                                                      {
 408   6                                                              Point_Location=Point_Location2;
 409   6                                                      }
 410   5                                                      else if(Point_Location1!=9&&Point_Location2==9)
 411   5                                                      {
 412   6                                                              Point_Location=Point_Location1;
 413   6                                                      }
 414   5                                                      else Point=0;
 415   5                                                      
 416   5                                                      if(Negative1==1&&Negative2==1)
 417   5                                                      {
 418   6                                                              
 419   6                                                              Num3=Num1*Num2;
 420   6                                                              Negative3=0;
 421   6                                                              
 422   6                                                      }
 423   5                                                      else if(Negative1==1&&Negative2==0)
C51 COMPILER V9.60.7.0   MAIN                                                              10/21/2023 09:42:52 PAGE 8   

 424   5                                                      {
 425   6                                                              Num3=Num1*Num2;
 426   6                                                              Negative3=1;
 427   6                                                              
 428   6                                                      }
 429   5                                                      else if(Negative1==0&&Negative2==1)
 430   5                                                      {
 431   6                                                              Num3=Num1*Num2;
 432   6                                                              Negative3=1;
 433   6                                                      }
 434   5                                                      else if(Negative1==0&&Negative2==0)
 435   5                                                      {
 436   6                                                              Num3=Num1*Num2;
 437   6                                                      }
 438   5                                              
 439   5                                                      b[6]=((Num3/1000000)%10);
 440   5                                                      b[5]=((Num3/100000)%10);
 441   5                                                      b[4]=((Num3/10000)%10);
 442   5                                                      b[3]=((Num3/1000)%10);
 443   5                                                      b[2]=((Num3/100)%10);
 444   5                                                      b[1]=((Num3/10)%10);
 445   5                                                      b[0]=(Num3%10);
 446   5                                              }
 447   4                                              
 448   4                                              if(Calculate==4)                //é™¤æ³•
 449   4                                              {
 450   5                                                      if(Point_Location1>Point_Location2)
 451   5                                                      {
 452   6                                                              Point_Location=9;
 453   6                                                              Point=0;
 454   6                                                              if(Point_Location1!=9)
 455   6                                                              {
 456   7                                                                      Point_Location3=Point_Location1-Point_Location2;
 457   7                                                                      for(i=0;i<Point_Location3-1;i++)
 458   7                                                                      {
 459   8                                                                              Num1=Num1*10;
 460   8                                                                      }
 461   7                                                              }
 462   6                                                              else if(Point_Location1==9)
 463   6                                                              {
 464   7                                                                      Point_Location3=(8-Point_Location2);
 465   7                                                                      for(i=0;i<Point_Location3;i++)
 466   7                                                                      {
 467   8                                                                              Num1=Num1*10;
 468   8                                                                      }
 469   7                                                              }
 470   6                                                      }
 471   5                                                      else if(Point_Location1==Point_Location2)
 472   5                                                      {
 473   6                                                              Point_Location=9;
 474   6                                                              Point=0;
 475   6                                                      }
 476   5                                                      else if(Point_Location1<Point_Location2)
 477   5                                                      {
 478   6                                                              if(Point_Location2!=9)
 479   6                                                              {
 480   7                                                                      Point_Location3=8-Point_Location2;
 481   7                                                                      Point_Location=Point_Location1+Point_Location3;
 482   7                                                                      Point=1;
 483   7                                                              }
 484   6                                                              else if(Point_Location2==9)
 485   6                                                              {
C51 COMPILER V9.60.7.0   MAIN                                                              10/21/2023 09:42:52 PAGE 9   

 486   7                                                                      Point_Location=Point_Location1;
 487   7                                                                      Point=1;
 488   7                                                              }
 489   6                                                      }
 490   5                                                      
 491   5                                                      Num1=Num1*100;
 492   5                                                      
 493   5                                                      if(Negative1==1&&Negative2==1)
 494   5                                                      {
 495   6                                                              Num3=Num1/Num2;
 496   6                                                              Negative3=0;
 497   6                                                      }
 498   5                                                      else if(Negative1==1&&Negative2==0)
 499   5                                                      {
 500   6                                                              Num3=Num1/Num2;
 501   6                                                              Negative3=1;
 502   6                                                      }
 503   5                                                      else if(Negative1==0&&Negative2==1)
 504   5                                                      {
 505   6                                                              Num3=Num1/Num2;
 506   6                                                              Negative3=1;
 507   6                                                      }
 508   5                                                      else if(Negative1==0&&Negative2==0)
 509   5                                                      {
 510   6                                                              Num3=Num1/Num2;
 511   6                                                      }
 512   5                                                      
 513   5                                                      x=(Num3%10);            //æ£€æµ‹åŽä¸¤ä½æ˜¯å¦ä¸º0
 514   5                                                      y=(Num3%100);
 515   5                                                      if(x==0&&y==0)
 516   5                                                      {
 517   6                                                              Point_Location=Point_Location;
 518   6                                                              Num3/=100;
 519   6                                                      }
 520   5                                                      else
 521   5                                                      {
 522   6                                                              Point=1;
 523   6                                                              if(Point_Location!=9)
 524   6                                                              {
 525   7                                                                      Point_Location-=2;
 526   7                                                              }
 527   6                                                              else if(Point_Location==9)
 528   6                                                              {
 529   7                                                                      Point_Location=6;
 530   7                                                              }
 531   6                                                              
 532   6                                                      }
 533   5                                              
 534   5                                                      b[6]=((Num3/1000000)%10);
 535   5                                                      b[5]=((Num3/100000)%10);
 536   5                                                      b[4]=((Num3/10000)%10);
 537   5                                                      b[3]=((Num3/1000)%10);
 538   5                                                      b[2]=((Num3/100)%10);
 539   5                                                      b[1]=((Num3/10)%10);
 540   5                                                      b[0]=(Num3%10);
 541   5                                              }
 542   4                                              flag=100;
 543   4                                      }
 544   3                                      
 545   3                                      if(flag==8)             //åˆå§‹åŒ–
 546   3                                      {
 547   4                                              Num_Location=0;
C51 COMPILER V9.60.7.0   MAIN                                                              10/21/2023 09:42:52 PAGE 10  

 548   4                                              Num1=0;
 549   4                                              Num2=0;
 550   4                                              Num3=0;
 551   4                                              Negative1=0;
 552   4                                              Negative2=0;
 553   4                                              Negative3=0;
 554   4                                              Negative4=0;
 555   4                                              Point_Location=9;
 556   4                                              Point_Location1=9;
 557   4                                              Point_Location2=9;
 558   4                                              Point_Location3=9;
 559   4                                              Point=0;
 560   4                                              Calculate=0;
 561   4                                              T=0;
 562   4                                              for(i=0;i<7;i++)
 563   4                                              {
 564   5                                                      b[i]=0;
 565   5                                              }
 566   4                                              flag=0;
 567   4                                      }
 568   3                              }
 569   2                      
 570   2              }
 571   1              
 572   1      }


MODULE INFORMATION:   STATIC OVERLAYABLE
   CODE SIZE        =   4580    ----
   CONSTANT SIZE    =   ----    ----
   XDATA SIZE       =   ----    ----
   PDATA SIZE       =   ----    ----
   DATA SIZE        =     74       4
   IDATA SIZE       =   ----    ----
   BIT SIZE         =   ----    ----
END OF MODULE INFORMATION.


C51 COMPILATION COMPLETE.  0 WARNING(S),  0 ERROR(S)
