C51 COMPILER V9.60.7.0   MATRIXKEY                                                         10/20/2023 10:47:11 PAGE 1   


C51 COMPILER V9.60.7.0, COMPILATION OF MODULE MATRIXKEY
OBJECT MODULE PLACED IN .\Objects\MatrixKey.obj
COMPILER INVOKED BY: C:\keil5\C51\BIN\C51.EXE MatrixKey.c OPTIMIZE(8,SPEED) BROWSE DEBUG OBJECTEXTEND PRINT(.\Listings\M
                    -atrixKey.lst) OBJECT(.\Objects\MatrixKey.obj)

line level    source

   1          #include <REGX52.H>
   2          #include "DELAY.H"
   3          
   4          #define KEY=P1
   5          unsigned char MatrixKey()
   6          {
   7   1              unsigned int KeyNum=14;
   8   1              
   9   1              P1=0xff;
  10   1              P1_3=0;
  11   1              if(P1_7==0){Delay(20);while(P1_7==0);Delay(20);KeyNum=7;}
  12   1              if(P1_6==0){Delay(20);while(P1_6==0);Delay(20);KeyNum=4;}
  13   1              if(P1_5==0){Delay(20);while(P1_5==0);Delay(20);KeyNum=1;}
  14   1              if(P1_4==0){Delay(20);while(P1_4==0);Delay(20);KeyNum=0;}
  15   1              
  16   1              P1=0xff;
  17   1              P1_2=0;
  18   1              if(P1_7==0){Delay(20);while(P1_7==0);Delay(20);KeyNum=8;}
  19   1              if(P1_6==0){Delay(20);while(P1_6==0);Delay(20);KeyNum=5;}
  20   1              if(P1_5==0){Delay(20);while(P1_5==0);Delay(20);KeyNum=2;}
  21   1              if(P1_4==0){Delay(20);while(P1_4==0);Delay(20);KeyNum=15;}
  22   1              
  23   1              P1=0xff;
  24   1              P1_1=0;
  25   1              if(P1_7==0){Delay(20);while(P1_7==0);Delay(20);KeyNum=9;}
  26   1              if(P1_6==0){Delay(20);while(P1_6==0);Delay(20);KeyNum=6;}
  27   1              if(P1_5==0){Delay(20);while(P1_5==0);Delay(20);KeyNum=3;}
  28   1              if(P1_4==0){Delay(20);while(P1_4==0);Delay(20);KeyNum=16;}
  29   1              
  30   1              P1=0xff;
  31   1              P1_0=0;
  32   1              if(P1_7==0){Delay(20);while(P1_7==0);Delay(20);KeyNum=10;}
  33   1              if(P1_6==0){Delay(20);while(P1_6==0);Delay(20);KeyNum=11;}
  34   1              if(P1_5==0){Delay(20);while(P1_5==0);Delay(20);KeyNum=12;}
  35   1              if(P1_4==0){Delay(20);while(P1_4==0);Delay(20);KeyNum=13;}
  36   1              
  37   1              
  38   1              
  39   1              return KeyNum;
  40   1      
  41   1      
  42   1      
  43   1      }
  44                  


MODULE INFORMATION:   STATIC OVERLAYABLE
   CODE SIZE        =    380    ----
   CONSTANT SIZE    =   ----    ----
   XDATA SIZE       =   ----    ----
   PDATA SIZE       =   ----    ----
   DATA SIZE        =   ----       2
   IDATA SIZE       =   ----    ----
   BIT SIZE         =   ----    ----
C51 COMPILER V9.60.7.0   MATRIXKEY                                                         10/20/2023 10:47:11 PAGE 2   

END OF MODULE INFORMATION.


C51 COMPILATION COMPLETE.  0 WARNING(S),  0 ERROR(S)
