C51 COMPILER V9.60.7.0   NIXIE                                                             10/20/2023 10:47:11 PAGE 1   


C51 COMPILER V9.60.7.0, COMPILATION OF MODULE NIXIE
OBJECT MODULE PLACED IN .\Objects\Nixie.obj
COMPILER INVOKED BY: C:\keil5\C51\BIN\C51.EXE Nixie.c OPTIMIZE(8,SPEED) BROWSE DEBUG OBJECTEXTEND PRINT(.\Listings\Nixie
                    -.lst) OBJECT(.\Objects\Nixie.obj)

line level    source

   1          #include <REGX52.H>
   2          #include "Delay.h"
   3          
   4          unsigned char NixieNum[]={0x3f,0x06,0x5b,0x4f,0x66,0x6d,0x7d,0x07,0x7f,0x6f,0x40,0x80,0x00};
   5          
   6          void Nixie(unsigned char Location,Number)
   7          {
   8   1              switch(Location)
   9   1              {
  10   2                      case 1:P2_4=1;P2_3=1;P2_2=1;break;
  11   2                      case 2:P2_4=1;P2_3=1;P2_2=0;break;
  12   2                      case 3:P2_4=1;P2_3=0;P2_2=1;break;
  13   2                      case 4:P2_4=1;P2_3=0;P2_2=0;break;
  14   2                      case 5:P2_4=0;P2_3=1;P2_2=1;break;
  15   2                      case 6:P2_4=0;P2_3=1;P2_2=0;break;
  16   2                      case 7:P2_4=0;P2_3=0;P2_2=1;break;
  17   2                      case 8:P2_4=0;P2_3=0;P2_2=0;break;
  18   2                      
  19   2              }
  20   1              
  21   1              P0=NixieNum[Number];
  22   1              Delay(1);
  23   1              P0=0x00;
  24   1      }


MODULE INFORMATION:   STATIC OVERLAYABLE
   CODE SIZE        =    107    ----
   CONSTANT SIZE    =   ----    ----
   XDATA SIZE       =   ----    ----
   PDATA SIZE       =   ----    ----
   DATA SIZE        =     13    ----
   IDATA SIZE       =   ----    ----
   BIT SIZE         =   ----    ----
END OF MODULE INFORMATION.


C51 COMPILATION COMPLETE.  0 WARNING(S),  0 ERROR(S)
