C51 COMPILER V9.60.7.0   TIMER0                                                            10/20/2023 10:47:11 PAGE 1   


C51 COMPILER V9.60.7.0, COMPILATION OF MODULE TIMER0
OBJECT MODULE PLACED IN .\Objects\Timer0.obj
COMPILER INVOKED BY: C:\keil5\C51\BIN\C51.EXE Timer0.c OPTIMIZE(8,SPEED) BROWSE DEBUG OBJECTEXTEND PRINT(.\Listings\Time
                    -r0.lst) OBJECT(.\Objects\Timer0.obj)

line level    source

   1          #include <REGX52.H>
   2          
   3          void Timer0Init(void)           //1毫秒@11.0592MHz
   4          {
   5   1      
   6   1              TMOD &= 0xF0;                   //设置定时器模式//把TMOD的低四位清零，高四位不变
   7   1              TMOD |= 0x01;                   //设置定时器模式//把TMOD的最低位1，高四位不变
   8   1              TL0 = 0x18;                             //设置定时初始值
   9   1              TH0 = 0xFC;                             //设置定时初始值
  10   1              TF0 = 0;                                //清除TF0标志
  11   1              TR0 = 1;                                //定时器0开始计时
  12   1              ET0=1;
  13   1              EA=1;
  14   1              PT0=0;
  15   1      }
  16          
  17          
  18          
  19          
  20          //定时器中断模板
  21          //void Timer0_Routime() interrupt 1
  22          //{
  23          //      static unsigned int T0Count;
  24          //      TH0=0xFC;
  25          //      TL0=0x18;       
  26          //      T0Count++;
  27          //      if (T0Count>=1000)
  28          //      {
  29          //              T0Count=0;
  30          //              
  31          //      }
  32          //}


MODULE INFORMATION:   STATIC OVERLAYABLE
   CODE SIZE        =     23    ----
   CONSTANT SIZE    =   ----    ----
   XDATA SIZE       =   ----    ----
   PDATA SIZE       =   ----    ----
   DATA SIZE        =   ----    ----
   IDATA SIZE       =   ----    ----
   BIT SIZE         =   ----    ----
END OF MODULE INFORMATION.


C51 COMPILATION COMPLETE.  0 WARNING(S),  0 ERROR(S)
